Using pre-set license
Built from 'trunk' branch; Version is '6000.0.15f1 (6a96561936c0) revision 6985302'; Using compiler version '193933523'; Build Type 'Release'
OS: 'Windows 11  (10.0.22631) 64bit Core' Language: 'en' Physical Memory: 16308 MB
BatchMode: 1, IsHumanControllingUs: 0, StartBugReporterOnCrash: 0, Is64bit: 1, IsPro: 1

COMMAND LINE ARGUMENTS:
C:\Program Files\6000.0.15f1\Editor\Unity.exe
-adb2
-batchMode
-noUpm
-name
AssetImportWorker0
-projectPath
C:/UnityProj/Boardroll
-logFile
Logs/AssetImportWorker0.log
-srvPort
51463
-job-worker-count
2
-background-job-worker-count
8
-asset-garbage-collectors
1
Successfully changed project path to: C:/UnityProj/Boardroll
C:/UnityProj/Boardroll
[UnityMemory] Configuration Parameters - Can be set up in boot.config
    "memorysetup-bucket-allocator-granularity=16"
    "memorysetup-bucket-allocator-bucket-count=8"
    "memorysetup-bucket-allocator-block-size=33554432"
    "memorysetup-bucket-allocator-block-count=8"
    "memorysetup-main-allocator-block-size=16777216"
    "memorysetup-thread-allocator-block-size=16777216"
    "memorysetup-gfx-main-allocator-block-size=16777216"
    "memorysetup-gfx-thread-allocator-block-size=16777216"
    "memorysetup-cache-allocator-block-size=4194304"
    "memorysetup-typetree-allocator-block-size=2097152"
    "memorysetup-profiler-bucket-allocator-granularity=16"
    "memorysetup-profiler-bucket-allocator-bucket-count=8"
    "memorysetup-profiler-bucket-allocator-block-size=33554432"
    "memorysetup-profiler-bucket-allocator-block-count=8"
    "memorysetup-profiler-allocator-block-size=16777216"
    "memorysetup-profiler-editor-allocator-block-size=1048576"
    "memorysetup-temp-allocator-size-main=16777216"
    "memorysetup-job-temp-allocator-block-size=2097152"
    "memorysetup-job-temp-allocator-block-size-background=1048576"
    "memorysetup-job-temp-allocator-reduction-small-platforms=262144"
    "memorysetup-allocator-temp-initial-block-size-main=262144"
    "memorysetup-allocator-temp-initial-block-size-worker=262144"
    "memorysetup-temp-allocator-size-background-worker=32768"
    "memorysetup-temp-allocator-size-job-worker=262144"
    "memorysetup-temp-allocator-size-preload-manager=33554432"
    "memorysetup-temp-allocator-size-nav-mesh-worker=65536"
    "memorysetup-temp-allocator-size-audio-worker=65536"
    "memorysetup-temp-allocator-size-cloud-worker=32768"
    "memorysetup-temp-allocator-size-gi-baking-worker=262144"
    "memorysetup-temp-allocator-size-gi-baking-worker=262144"
    "memorysetup-temp-allocator-size-gi-baking-worker=262144"
    "memorysetup-temp-allocator-size-gi-baking-worker=262144"
    "memorysetup-temp-allocator-size-gi-baking-worker=262144"
    "memorysetup-temp-allocator-size-gfx=262144"
Player connection [17908]  Target information:

Player connection [17908]  * "[IP] 81.229.57.83 [Port] 0 [Flags] 2 [Guid] 1855043452 [EditorId] 1855043452 [Version] 1048832 [Id] WindowsEditor(7,AntonQ) [Debug] 1 [PackageName] WindowsEditor [ProjectName] Editor" 

Player connection [17908] Host joined multi-casting on [225.0.0.222:54997]...
Player connection [17908] Host joined alternative multi-casting on [225.0.0.222:34997]...
JobSystem: Creating JobQueue using job-worker-count value 2
Library Redirect Path: Library/
[PhysX] Initialized MultithreadedTaskDispatcher with 3 workers.
Refreshing native plugins compatible for Editor in 1.61 ms, found 2 plugins.
Preloading 0 native plugins for Editor in 0.00 ms.
Initialize engine version: 6000.0.15f1 (6a96561936c0)
[Subsystems] Discovering subsystems at path C:/Program Files/6000.0.15f1/Editor/Data/Resources/UnitySubsystems
[Subsystems] Discovering subsystems at path C:/UnityProj/Boardroll/Assets
GfxDevice: creating device client; kGfxThreadingModeNonThreaded
Direct3D:
    Version:  Direct3D 11.0 [level 11.1]
    Renderer: NVIDIA GeForce GTX 1660 (ID=0x2184)
    Vendor:   NVIDIA
    VRAM:     5966 MB
    Driver:   32.0.15.6081
Initialize mono
Mono path[0] = 'C:/Program Files/6000.0.15f1/Editor/Data/Managed'
Mono path[1] = 'C:/Program Files/6000.0.15f1/Editor/Data/MonoBleedingEdge/lib/mono/unityjit-win32'
Mono config path = 'C:/Program Files/6000.0.15f1/Editor/Data/MonoBleedingEdge/etc'
Using monoOptions --debugger-agent=transport=dt_socket,embedding=1,server=y,suspend=n,address=127.0.0.1:56708
Begin MonoManager ReloadAssembly
Registering precompiled unity dll's ...
Register platform support module: C:/Program Files/6000.0.15f1/Editor/Data/PlaybackEngines/WindowsStandaloneSupport/UnityEditor.WindowsStandalone.Extensions.dll
Registered in 0.004134 seconds.
- Loaded All Assemblies, in  0.487 seconds
Native extension for WindowsStandalone target not found
Mono: successfully reloaded assembly
- Finished resetting the current domain, in  0.410 seconds
Domain Reload Profiling: 893ms
	BeginReloadAssembly (162ms)
		ExecutionOrderSort (0ms)
		DisableScriptedObjects (0ms)
		BackupInstance (0ms)
		ReleaseScriptingObjects (0ms)
		CreateAndSetChildDomain (1ms)
	RebuildCommonClasses (46ms)
	RebuildNativeTypeToScriptingClass (16ms)
	initialDomainReloadingComplete (62ms)
	LoadAllAssembliesAndSetupDomain (197ms)
		LoadAssemblies (158ms)
		RebuildTransferFunctionScriptingTraits (0ms)
		AnalyzeDomain (193ms)
			TypeCache.Refresh (192ms)
				TypeCache.ScanAssembly (176ms)
			BuildScriptInfoCaches (0ms)
			ResolveRequiredComponents (0ms)
	FinalizeReload (410ms)
		ReleaseScriptCaches (0ms)
		RebuildScriptCaches (0ms)
		SetupLoadedEditorAssemblies (358ms)
			LogAssemblyErrors (0ms)
			InitializePlatformSupportModulesInManaged (33ms)
			SetLoadedEditorAssemblies (5ms)
			BeforeProcessingInitializeOnLoad (7ms)
			ProcessInitializeOnLoadAttributes (224ms)
			ProcessInitializeOnLoadMethodAttributes (85ms)
			AfterProcessingInitializeOnLoad (4ms)
			EditorAssembliesLoaded (0ms)
		ExecutionOrderSort2 (0ms)
		AwakeInstancesAfterBackupRestoration (0ms)
Assembly reference Packages/com.unity.cinemachine/Editor/Samples/ExposeHDRPInternals/HDRP-Editor-ref.asmref has no target assembly definition
========================================================================
Worker process is ready to serve import requests
Import Worker Mode flag is 0x00
Assembly reference Packages/com.unity.cinemachine/Editor/Samples/ExposeHDRPInternals/HDRP-Editor-ref.asmref has no target assembly definition
Assembly reference Packages/com.unity.cinemachine/Editor/Samples/ExposeHDRPInternals/HDRP-Editor-ref.asmref has no target assembly definition
Begin MonoManager ReloadAssembly
- Loaded All Assemblies, in  1.143 seconds
Assembly reference Packages/com.unity.cinemachine/Editor/Samples/ExposeHDRPInternals/HDRP-Editor-ref.asmref has no target assembly definition
Refreshing native plugins compatible for Editor in 1.23 ms, found 2 plugins.
Native extension for WindowsStandalone target not found
Assembly reference Packages/com.unity.cinemachine/Editor/Samples/ExposeHDRPInternals/HDRP-Editor-ref.asmref has no target assembly definition
Package Manager log level set to [2]
[Package Manager] Failed to launch server process. Reason: Unity was launched with the -noUpm command-line argument
[Package Manager] Unable to send message (not connected to server process).
[Package Manager] Cannot connect to Unity Package Manager local server
Launched and connected shader compiler UnityShaderCompiler.exe after 0.01 seconds
Mono: successfully reloaded assembly
- Finished resetting the current domain, in  1.281 seconds
Domain Reload Profiling: 2418ms
	BeginReloadAssembly (521ms)
		ExecutionOrderSort (0ms)
		DisableScriptedObjects (8ms)
		BackupInstance (0ms)
		ReleaseScriptingObjects (0ms)
		CreateAndSetChildDomain (38ms)
	RebuildCommonClasses (50ms)
	RebuildNativeTypeToScriptingClass (17ms)
	initialDomainReloadingComplete (38ms)
	LoadAllAssembliesAndSetupDomain (511ms)
		LoadAssemblies (422ms)
		RebuildTransferFunctionScriptingTraits (0ms)
		AnalyzeDomain (223ms)
			TypeCache.Refresh (174ms)
				TypeCache.ScanAssembly (155ms)
			BuildScriptInfoCaches (35ms)
			ResolveRequiredComponents (11ms)
	FinalizeReload (1282ms)
		ReleaseScriptCaches (0ms)
		RebuildScriptCaches (0ms)
		SetupLoadedEditorAssemblies (1036ms)
			LogAssemblyErrors (0ms)
			InitializePlatformSupportModulesInManaged (2ms)
			SetLoadedEditorAssemblies (3ms)
			BeforeProcessingInitializeOnLoad (45ms)
			ProcessInitializeOnLoadAttributes (684ms)
			ProcessInitializeOnLoadMethodAttributes (290ms)
			AfterProcessingInitializeOnLoad (11ms)
			EditorAssembliesLoaded (0ms)
		ExecutionOrderSort2 (0ms)
		AwakeInstancesAfterBackupRestoration (6ms)
Refreshing native plugins compatible for Editor in 1.04 ms, found 2 plugins.
Preloading 0 native plugins for Editor in 0.00 ms.
Unloading 93 Unused Serialized files (Serialized files now loaded: 0)
Unloading 3303 unused Assets / (4.3 MB). Loaded Objects now: 4022.
Memory consumption went from 224.7 MB to 220.3 MB.
Total: 22.255300 ms (FindLiveObjects: 0.409800 ms CreateObjectMapping: 0.545400 ms MarkObjects: 19.651800 ms  DeleteObjects: 1.647100 ms)

========================================================================
Received Import Request.
  Time since last request: 85608.840751 seconds.
  path: Assets/Samples/Settings Manager/2.0.1/User Settings Example/Unity.Settings.Example.asmdef
  artifactKey: Guid(4b4a358fef0bd3e4792bb9b14562482c) Importer(815301076,1909f56bfc062723c751e8b465ee728b)
Start importing Assets/Samples/Settings Manager/2.0.1/User Settings Example/Unity.Settings.Example.asmdef using Guid(4b4a358fef0bd3e4792bb9b14562482c) Importer(815301076,1909f56bfc062723c751e8b465ee728b) (PreviewImporter)[PhysX] Initialized MultithreadedTaskDispatcher with 3 workers.
 -> (artifact id: '2d6741255e472bfae23c2e75a428648a') in 0.0048567 seconds
Number of updated asset objects reloaded before import = 0Number of asset objects unloaded after import = 0

========================================================================
Received Import Request.
  Time since last request: 0.000015 seconds.
  path: Assets/Samples/Settings Manager/2.0.1/User Settings Example/PackageWithProjectAndUserSettings
  artifactKey: Guid(5eee901d6bd8a2a4c8fa979716eb36b1) Importer(815301076,1909f56bfc062723c751e8b465ee728b)
Start importing Assets/Samples/Settings Manager/2.0.1/User Settings Example/PackageWithProjectAndUserSettings using Guid(5eee901d6bd8a2a4c8fa979716eb36b1) Importer(815301076,1909f56bfc062723c751e8b465ee728b) (PreviewImporter)[PhysX] Initialized MultithreadedTaskDispatcher with 3 workers.
 -> (artifact id: '4b7e7a2cceb32908d9163eafce10b9b8') in 0.000487 seconds
Number of updated asset objects reloaded before import = 0Number of asset objects unloaded after import = 0

========================================================================
Received Import Request.
  Time since last request: 15.899038 seconds.
  path: Assets/Samples/Settings Manager/2.0.1/User Settings Example/MultipleProjectSettingFiles
  artifactKey: Guid(6f09ba635fae41c40bac5d5dc92aac26) Importer(815301076,1909f56bfc062723c751e8b465ee728b)
Start importing Assets/Samples/Settings Manager/2.0.1/User Settings Example/MultipleProjectSettingFiles using Guid(6f09ba635fae41c40bac5d5dc92aac26) Importer(815301076,1909f56bfc062723c751e8b465ee728b) (PreviewImporter)[PhysX] Initialized MultithreadedTaskDispatcher with 3 workers.
 -> (artifact id: '2a9a821b695f414336b5d2d618e19ef7') in 0.0005514 seconds
Number of updated asset objects reloaded before import = 0Number of asset objects unloaded after import = 0

========================================================================
Received Import Request.
  Time since last request: 4.781981 seconds.
  path: Assets/Samples/Settings Manager/2.0.1
  artifactKey: Guid(3de7f221991a69d4daa108b3991130bc) Importer(815301076,1909f56bfc062723c751e8b465ee728b)
Start importing Assets/Samples/Settings Manager/2.0.1 using Guid(3de7f221991a69d4daa108b3991130bc) Importer(815301076,1909f56bfc062723c751e8b465ee728b) (PreviewImporter)[PhysX] Initialized MultithreadedTaskDispatcher with 3 workers.
 -> (artifact id: '05af18057f0fd692ac8250e1634e8261') in 0.0006158 seconds
Number of updated asset objects reloaded before import = 0Number of asset objects unloaded after import = 0

========================================================================
Received Import Request.
  Time since last request: 0.420506 seconds.
  path: Assets/Samples/Settings Manager/2.0.1/User Settings Example
  artifactKey: Guid(96235d162ec520e4c92a53280db45472) Importer(815301076,1909f56bfc062723c751e8b465ee728b)
Start importing Assets/Samples/Settings Manager/2.0.1/User Settings Example using Guid(96235d162ec520e4c92a53280db45472) Importer(815301076,1909f56bfc062723c751e8b465ee728b) (PreviewImporter)[PhysX] Initialized MultithreadedTaskDispatcher with 3 workers.
 -> (artifact id: 'a82a388093b61187a5cccabfd817bf6a') in 0.0006503 seconds
Number of updated asset objects reloaded before import = 0Number of asset objects unloaded after import = 0

========================================================================
Received Import Request.
  Time since last request: 1.178116 seconds.
  path: Assets/Samples/Settings Manager/2.0.1/User Settings Example/MultipleProjectSettingFiles/PlatformSpecificTool.cs
  artifactKey: Guid(cde0bd92d56d3464d964c4dfcf7d6c75) Importer(815301076,1909f56bfc062723c751e8b465ee728b)
Start importing Assets/Samples/Settings Manager/2.0.1/User Settings Example/MultipleProjectSettingFiles/PlatformSpecificTool.cs using Guid(cde0bd92d56d3464d964c4dfcf7d6c75) Importer(815301076,1909f56bfc062723c751e8b465ee728b) (PreviewImporter)[PhysX] Initialized MultithreadedTaskDispatcher with 3 workers.
 -> (artifact id: 'a635df16d27f16863745da19c874cf78') in 0.0007736 seconds
Number of updated asset objects reloaded before import = 0Number of asset objects unloaded after import = 0

========================================================================
Received Import Request.
  Time since last request: 2.225790 seconds.
  path: Assets/Samples/Settings Manager/2.0.1/User Settings Example/PackageWithProjectAndUserSettings/MySettingsManager.cs
  artifactKey: Guid(fb474da9524598e43bd4976d9a66c868) Importer(815301076,1909f56bfc062723c751e8b465ee728b)
Start importing Assets/Samples/Settings Manager/2.0.1/User Settings Example/PackageWithProjectAndUserSettings/MySettingsManager.cs using Guid(fb474da9524598e43bd4976d9a66c868) Importer(815301076,1909f56bfc062723c751e8b465ee728b) (PreviewImporter)[PhysX] Initialized MultithreadedTaskDispatcher with 3 workers.
 -> (artifact id: '9de08e2acb40fe62706dce748313e520') in 0.0005387 seconds
Number of updated asset objects reloaded before import = 0Number of asset objects unloaded after import = 0

========================================================================
Received Import Request.
  Time since last request: 2.489314 seconds.
  path: Assets/Samples/Settings Manager/2.0.1/User Settings Example/PackageWithProjectAndUserSettings/MySettingsProvider.cs
  artifactKey: Guid(12acc01c835b58f42853b5c51e65023e) Importer(815301076,1909f56bfc062723c751e8b465ee728b)
Start importing Assets/Samples/Settings Manager/2.0.1/User Settings Example/PackageWithProjectAndUserSettings/MySettingsProvider.cs using Guid(12acc01c835b58f42853b5c51e65023e) Importer(815301076,1909f56bfc062723c751e8b465ee728b) (PreviewImporter)[PhysX] Initialized MultithreadedTaskDispatcher with 3 workers.
 -> (artifact id: 'c1b99ebbe0142c294b5b5d129ae9afb0') in 0.0005173 seconds
Number of updated asset objects reloaded before import = 0Number of asset objects unloaded after import = 0

========================================================================
Received Import Request.
  Time since last request: 0.235608 seconds.
  path: Assets/Samples/Settings Manager/2.0.1/User Settings Example/PackageWithProjectAndUserSettings/MySettingsWrapper.cs
  artifactKey: Guid(93c5c0d3386e33a45a882d742797f304) Importer(815301076,1909f56bfc062723c751e8b465ee728b)
Start importing Assets/Samples/Settings Manager/2.0.1/User Settings Example/PackageWithProjectAndUserSettings/MySettingsWrapper.cs using Guid(93c5c0d3386e33a45a882d742797f304) Importer(815301076,1909f56bfc062723c751e8b465ee728b) (PreviewImporter)[PhysX] Initialized MultithreadedTaskDispatcher with 3 workers.
 -> (artifact id: '61094ee7e41f26fff81dab9befa5f28b') in 0.0007502 seconds
Number of updated asset objects reloaded before import = 0Number of asset objects unloaded after import = 0

========================================================================
Received Import Request.
  Time since last request: 0.366511 seconds.
  path: Assets/Samples/Settings Manager/2.0.1/User Settings Example/PackageWithProjectAndUserSettings/SettingsExamples.cs
  artifactKey: Guid(4cfe6596713ed5340a6f6e03329b87ba) Importer(815301076,1909f56bfc062723c751e8b465ee728b)
Start importing Assets/Samples/Settings Manager/2.0.1/User Settings Example/PackageWithProjectAndUserSettings/SettingsExamples.cs using Guid(4cfe6596713ed5340a6f6e03329b87ba) Importer(815301076,1909f56bfc062723c751e8b465ee728b) (PreviewImporter)[PhysX] Initialized MultithreadedTaskDispatcher with 3 workers.
 -> (artifact id: 'f948043905c099b2ff81b68bab19f056') in 0.0005257 seconds
Number of updated asset objects reloaded before import = 0Number of asset objects unloaded after import = 0

